<?xml version="1.0" encoding="UTF-8"?>
<testsuite name="ParseStringToCustomerTest" tests="1" skipped="0" failures="0" errors="0" timestamp="2022-02-12T15:12:57" hostname="MSI-SAI" time="0.016">
  <properties/>
  <testcase name="test()" classname="ParseStringToCustomerTest" time="0.016"/>
  <system-out><![CDATA[]]></system-out>
  <system-err><![CDATA[]]></system-err>
</testsuite>
